UPNP_VERSION_STRING = 1.6.19
UPNP_VERSION_MAJOR  = 1
UPNP_VERSION_MINOR  = 6
UPNP_VERSION_PATCH  = 19
UPNP_VERSION        = 10619
UPNP_HAVE_DEBUG 	= yes
UPNP_HAVE_CLIENT	= yes
UPNP_HAVE_DEVICE	= yes
UPNP_HAVE_WEBSERVER	= yes
UPNP_HAVE_TOOLS 	= yes
UPnP Initialized OK ip=10.0.0.99, port=49152
Upnp Register Client success!
UPNP_VERSION_STRING = 1.6.19
UPNP_VERSION_MAJOR  = 1
UPNP_VERSION_MINOR  = 6
UPNP_VERSION_PATCH  = 19
UPNP_VERSION        = 10619
UPNP_HAVE_DEBUG 	= yes
UPNP_HAVE_CLIENT	= yes
UPNP_HAVE_DEVICE	= yes
UPNP_HAVE_WEBSERVER	= yes
UPNP_HAVE_TOOLS 	= yes
UPnP Initialized OK ip=10.0.0.99, port=49152
Upnp Register Client success!
